{13-10-09 08:36:32|localhost|Mozilla/5.0 (Windows NT 6.2; WOW64) AppleWebKit/537.36 (KHTML, like Gecko) Chrome/30.0.1599.69 Safari/537.36|http://localhost/mms/index.html|::1|::1|/mms/printscreens.html|/mms/printscreens.html|printscreens.html|}
{13-10-09 08:55:08|localhost|Mozilla/5.0 (Windows NT 6.2; WOW64) AppleWebKit/537.36 (KHTML, like Gecko) Chrome/30.0.1599.69 Safari/537.36|http://localhost/mms/index.html|::1|::1|/mms/printscreens.html|/mms/printscreens.html|printscreens.html|1|}
{13-10-09 08:57:15|localhost|Mozilla/5.0 (Windows NT 6.2; WOW64) AppleWebKit/537.36 (KHTML, like Gecko) Chrome/30.0.1599.69 Safari/537.36|http://localhost/mms/index.html|::1|::1|/mms/printscreens.html|/mms/printscreens.html|printscreens.html||}
{13-10-09 22:30:22|localhost|Mozilla/5.0 (Windows NT 6.2; WOW64) AppleWebKit/537.36 (KHTML, like Gecko) Chrome/30.0.1599.69 Safari/537.36|http://localhost/mms/index.html|::1|::1|/mms/printscreens.html|/mms/printscreens.html|printscreens.html||}
{13-10-10 19:42:51|localhost|Mozilla/5.0 (Windows NT 6.2; WOW64) AppleWebKit/537.36 (KHTML, like Gecko) Chrome/30.0.1599.69 Safari/537.36||::1|::1||/mms/|||}
{13-10-10 19:45:49|localhost|Mozilla/5.0 (Windows NT 6.2; WOW64) AppleWebKit/537.36 (KHTML, like Gecko) Chrome/30.0.1599.69 Safari/537.36||::1|::1||/mms/|||}
{13-10-10 20:22:48|localhost|Mozilla/5.0 (Windows NT 6.2; WOW64) AppleWebKit/537.36 (KHTML, like Gecko) Chrome/30.0.1599.69 Safari/537.36||::1|::1||/mms/|||}
{13-10-10 20:26:03|localhost|Mozilla/5.0 (Windows NT 6.2; WOW64) AppleWebKit/537.36 (KHTML, like Gecko) Chrome/30.0.1599.69 Safari/537.36||::1|::1||/mms/|||}
{13-10-10 20:26:13|localhost|Mozilla/5.0 (Windows NT 6.2; WOW64) AppleWebKit/537.36 (KHTML, like Gecko) Chrome/30.0.1599.69 Safari/537.36||::1|::1||/mms/|||}
{13-10-10 20:36:05|localhost|Mozilla/5.0 (Windows NT 6.2; WOW64) AppleWebKit/537.36 (KHTML, like Gecko) Chrome/30.0.1599.69 Safari/537.36||::1|::1||/mms/|||}
{13-10-10 20:36:07|localhost|Mozilla/5.0 (Windows NT 6.2; WOW64) AppleWebKit/537.36 (KHTML, like Gecko) Chrome/30.0.1599.69 Safari/537.36||::1|::1||/mms/|||}
{13-10-10 20:36:09|localhost|Mozilla/5.0 (Windows NT 6.2; WOW64) AppleWebKit/537.36 (KHTML, like Gecko) Chrome/30.0.1599.69 Safari/537.36||::1|::1||/mms/|||}
{13-10-10 20:36:52|localhost|Mozilla/5.0 (Windows NT 6.2; WOW64) AppleWebKit/537.36 (KHTML, like Gecko) Chrome/30.0.1599.69 Safari/537.36|http://localhost/mms/|::1|::1|/mms/index.html|/mms/index.html|index.html||}
{13-10-10 20:36:54|localhost|Mozilla/5.0 (Windows NT 6.2; WOW64) AppleWebKit/537.36 (KHTML, like Gecko) Chrome/30.0.1599.69 Safari/537.36|http://localhost/mms/index.html|::1|::1|/mms/cechy_systemu.html|/mms/cechy_systemu.html|cechy_systemu.html||}
{13-10-10 20:36:55|localhost|Mozilla/5.0 (Windows NT 6.2; WOW64) AppleWebKit/537.36 (KHTML, like Gecko) Chrome/30.0.1599.69 Safari/537.36|http://localhost/mms/cechy_systemu.html|::1|::1|/mms/index.html|/mms/index.html|index.html||}
{13-10-10 20:36:58|localhost|Mozilla/5.0 (Windows NT 6.2; WOW64) AppleWebKit/537.36 (KHTML, like Gecko) Chrome/30.0.1599.69 Safari/537.36|http://localhost/mms/index.html|::1|::1|/mms/cechy_systemu.html|/mms/cechy_systemu.html|cechy_systemu.html||}
{13-10-10 20:37:42|localhost|Mozilla/5.0 (Windows NT 6.2; WOW64) AppleWebKit/537.36 (KHTML, like Gecko) Chrome/30.0.1599.69 Safari/537.36|http://localhost/mms/index.html|::1|::1|/mms/cechy_systemu.html|/mms/cechy_systemu.html|cechy_systemu.html||}
{13-10-10 20:37:47|localhost|Mozilla/5.0 (Windows NT 6.2; WOW64) AppleWebKit/537.36 (KHTML, like Gecko) Chrome/30.0.1599.69 Safari/537.36|http://localhost/mms/cechy_systemu.html|::1|::1|/mms/printscreens.html|/mms/printscreens.html|printscreens.html||}
{13-10-10 20:37:50|localhost|Mozilla/5.0 (Windows NT 6.2; WOW64) AppleWebKit/537.36 (KHTML, like Gecko) Chrome/30.0.1599.69 Safari/537.36|http://localhost/mms/printscreens.html|::1|::1|/mms/kontakt.html|/mms/kontakt.html|kontakt.html||}
{13-10-10 20:37:53|localhost|Mozilla/5.0 (Windows NT 6.2; WOW64) AppleWebKit/537.36 (KHTML, like Gecko) Chrome/30.0.1599.69 Safari/537.36|http://localhost/mms/kontakt.html|::1|::1|/mms/typo.html|/mms/typo.html|typo.html||}
{13-10-10 20:37:56|localhost|Mozilla/5.0 (Windows NT 6.2; WOW64) AppleWebKit/537.36 (KHTML, like Gecko) Chrome/30.0.1599.69 Safari/537.36|http://localhost/mms/typo.html|::1|::1||/mms/?a=nowa|?a=nowa||}
{13-10-10 20:38:17|localhost|Mozilla/5.0 (Windows NT 6.2; WOW64) AppleWebKit/537.36 (KHTML, like Gecko) Chrome/30.0.1599.69 Safari/537.36|http://localhost/mms/?a=nowa|::1|::1||/mms/?adm|?adm||}
{13-10-10 20:38:20|localhost|Mozilla/5.0 (Windows NT 6.2; WOW64) AppleWebKit/537.36 (KHTML, like Gecko) Chrome/30.0.1599.69 Safari/537.36|http://localhost/mms/?adm|::1|::1|/mms/kontakt.html|/mms/kontakt.html|kontakt.html||}
{13-10-10 20:38:21|localhost|Mozilla/5.0 (Windows NT 6.2; WOW64) AppleWebKit/537.36 (KHTML, like Gecko) Chrome/30.0.1599.69 Safari/537.36|http://localhost/mms/kontakt.html|::1|::1|/mms/galeria.html|/mms/galeria.html|galeria.html||}
{13-10-10 20:38:51|localhost|Mozilla/5.0 (Windows NT 6.2; WOW64) AppleWebKit/537.36 (KHTML, like Gecko) Chrome/30.0.1599.69 Safari/537.36|http://localhost/mms/galeria.html|::1|::1|/mms/galeria.html|/mms/galeria.html|galeria.html||}
{13-10-10 20:38:53|localhost|Mozilla/5.0 (Windows NT 6.2; WOW64) AppleWebKit/537.36 (KHTML, like Gecko) Chrome/30.0.1599.69 Safari/537.36|http://localhost/mms/galeria.html|::1|::1|/mms/typo.html|/mms/typo.html|typo.html||}
{13-10-10 20:38:54|localhost|Mozilla/5.0 (Windows NT 6.2; WOW64) AppleWebKit/537.36 (KHTML, like Gecko) Chrome/30.0.1599.69 Safari/537.36|http://localhost/mms/typo.html|::1|::1|/mms/galeria.html|/mms/galeria.html|galeria.html||}
{13-10-10 20:38:56|localhost|Mozilla/5.0 (Windows NT 6.2; WOW64) AppleWebKit/537.36 (KHTML, like Gecko) Chrome/30.0.1599.69 Safari/537.36|http://localhost/mms/galeria.html|::1|::1|/mms/typo.html|/mms/typo.html|typo.html||}
{13-10-10 20:38:57|localhost|Mozilla/5.0 (Windows NT 6.2; WOW64) AppleWebKit/537.36 (KHTML, like Gecko) Chrome/30.0.1599.69 Safari/537.36|http://localhost/mms/typo.html|::1|::1|/mms/galeria.html|/mms/galeria.html|galeria.html||}
{13-10-10 20:39:00|localhost|Mozilla/5.0 (Windows NT 6.2; WOW64) AppleWebKit/537.36 (KHTML, like Gecko) Chrome/30.0.1599.69 Safari/537.36|http://localhost/mms/galeria.html|::1|::1|/mms/galeria.html|/mms/galeria.html?adm|galeria.html?adm||}
{13-10-10 20:39:04|localhost|Mozilla/5.0 (Windows NT 6.2; WOW64) AppleWebKit/537.36 (KHTML, like Gecko) Chrome/30.0.1599.69 Safari/537.36|http://localhost/mms/galeria.html?adm|::1|::1|/mms/galeria.html|/mms/galeria.html|galeria.html||}
{13-10-10 20:39:05|localhost|Mozilla/5.0 (Windows NT 6.2; WOW64) AppleWebKit/537.36 (KHTML, like Gecko) Chrome/30.0.1599.69 Safari/537.36|http://localhost/mms/galeria.html|::1|::1|/mms/kontakt.html|/mms/kontakt.html|kontakt.html||}
{13-10-10 20:39:09|localhost|Mozilla/5.0 (Windows NT 6.2; WOW64) AppleWebKit/537.36 (KHTML, like Gecko) Chrome/30.0.1599.69 Safari/537.36|http://localhost/mms/kontakt.html|::1|::1|/mms/kontakt.html|/mms/kontakt.html|kontakt.html||}
{13-10-10 20:39:09|localhost|Mozilla/5.0 (Windows NT 6.2; WOW64) AppleWebKit/537.36 (KHTML, like Gecko) Chrome/30.0.1599.69 Safari/537.36|http://localhost/mms/kontakt.html|::1|::1|/mms/galeria.html|/mms/galeria.html|galeria.html||}
{13-10-10 21:26:32|localhost|Mozilla/5.0 (Windows NT 6.2; WOW64) AppleWebKit/537.36 (KHTML, like Gecko) Chrome/30.0.1599.69 Safari/537.36|http://localhost/mms/kontakt.html|::1|::1|/mms/galeria.html|/mms/galeria.html|galeria.html||}
{13-10-10 21:30:17|localhost|Mozilla/5.0 (Windows NT 6.2; WOW64) AppleWebKit/537.36 (KHTML, like Gecko) Chrome/30.0.1599.69 Safari/537.36|http://localhost/mms/kontakt.html|::1|::1|/mms/galeria.html|/mms/galeria.html|galeria.html||}
{13-10-10 21:30:29|localhost|Mozilla/5.0 (Windows NT 6.2; WOW64) AppleWebKit/537.36 (KHTML, like Gecko) Chrome/30.0.1599.69 Safari/537.36|http://localhost/mms/galeria.html|::1|::1|/mms/index.html|/mms/index.html|index.html||}
{13-10-10 21:31:39|localhost|Mozilla/5.0 (Windows NT 6.2; WOW64) AppleWebKit/537.36 (KHTML, like Gecko) Chrome/30.0.1599.69 Safari/537.36|http://localhost/mms/galeria.html|::1|::1|/mms/index.html|/mms/index.html|index.html||}
{13-10-10 21:36:17|localhost|Mozilla/5.0 (Windows NT 6.2; WOW64) AppleWebKit/537.36 (KHTML, like Gecko) Chrome/30.0.1599.69 Safari/537.36|http://localhost/mms/galeria.html|::1|::1|/mms/index.html|/mms/index.html|index.html||}
{13-10-10 21:40:40|localhost|Mozilla/5.0 (Windows NT 6.2; WOW64) AppleWebKit/537.36 (KHTML, like Gecko) Chrome/30.0.1599.69 Safari/537.36|http://localhost/mms/galeria.html|::1|::1|/mms/index.html|/mms/index.html|index.html||}
{13-10-10 21:43:03|localhost|Mozilla/5.0 (Windows NT 6.2; WOW64) AppleWebKit/537.36 (KHTML, like Gecko) Chrome/30.0.1599.69 Safari/537.36|http://localhost/mms/galeria.html|::1|::1|/mms/index.html|/mms/index.html|index.html||}
{13-10-10 21:44:02|localhost|Mozilla/5.0 (Windows NT 6.2; WOW64) AppleWebKit/537.36 (KHTML, like Gecko) Chrome/30.0.1599.69 Safari/537.36|http://localhost/mms/galeria.html|::1|::1|/mms/index.html|/mms/index.html|index.html||}
{13-10-10 21:44:21|localhost|Mozilla/5.0 (Windows NT 6.2; WOW64) AppleWebKit/537.36 (KHTML, like Gecko) Chrome/30.0.1599.69 Safari/537.36|http://localhost/mms/galeria.html|::1|::1|/mms/index.html|/mms/index.html|index.html||}
{13-10-10 21:45:51|localhost|Mozilla/5.0 (Windows NT 6.2; WOW64) AppleWebKit/537.36 (KHTML, like Gecko) Chrome/30.0.1599.69 Safari/537.36|http://localhost/mms/galeria.html|::1|::1|/mms/index.html|/mms/index.html|index.html||}
{13-10-10 22:27:45|localhost|Mozilla/5.0 (Windows NT 6.2; WOW64) AppleWebKit/537.36 (KHTML, like Gecko) Chrome/30.0.1599.69 Safari/537.36|http://localhost/mms/index.html|::1|::1|/mms/galeria.html|/mms/galeria.html|galeria.html||}
{13-10-10 22:31:36|localhost|Mozilla/5.0 (Windows NT 6.2; WOW64) AppleWebKit/537.36 (KHTML, like Gecko) Chrome/30.0.1599.69 Safari/537.36|http://localhost/mms/galeria.html|::1|::1|/mms/galeria.html|/mms/galeria.html|galeria.html||}
{13-10-10 22:31:37|localhost|Mozilla/5.0 (Windows NT 6.2; WOW64) AppleWebKit/537.36 (KHTML, like Gecko) Chrome/30.0.1599.69 Safari/537.36|http://localhost/mms/galeria.html|::1|::1|/mms/kontakt.html|/mms/kontakt.html|kontakt.html||}
{13-10-10 22:31:38|localhost|Mozilla/5.0 (Windows NT 6.2; WOW64) AppleWebKit/537.36 (KHTML, like Gecko) Chrome/30.0.1599.69 Safari/537.36|http://localhost/mms/kontakt.html|::1|::1|/mms/galeria.html|/mms/galeria.html|galeria.html||}
{13-10-10 22:32:33|localhost|Mozilla/5.0 (Windows NT 6.2; WOW64) AppleWebKit/537.36 (KHTML, like Gecko) Chrome/30.0.1599.69 Safari/537.36|http://localhost/mms/kontakt.html|::1|::1|/mms/galeria.html|/mms/galeria.html|galeria.html||}
{13-10-10 22:33:23|localhost|Mozilla/5.0 (Windows NT 6.2; WOW64) AppleWebKit/537.36 (KHTML, like Gecko) Chrome/30.0.1599.69 Safari/537.36|http://localhost/mms/kontakt.html|::1|::1|/mms/galeria.html|/mms/galeria.html|galeria.html||}
{13-10-10 22:33:56|localhost|Mozilla/5.0 (Windows NT 6.2; WOW64) AppleWebKit/537.36 (KHTML, like Gecko) Chrome/30.0.1599.69 Safari/537.36|http://localhost/mms/kontakt.html|::1|::1|/mms/galeria.html|/mms/galeria.html|galeria.html||}
{13-10-10 22:39:14|localhost|Mozilla/5.0 (Windows NT 6.2; WOW64) AppleWebKit/537.36 (KHTML, like Gecko) Chrome/30.0.1599.69 Safari/537.36|http://localhost/mms/kontakt.html|::1|::1|/mms/galeria.html|/mms/galeria.html|galeria.html||}
{13-10-10 23:08:40|localhost|Mozilla/5.0 (Windows NT 6.2; WOW64) AppleWebKit/537.36 (KHTML, like Gecko) Chrome/30.0.1599.69 Safari/537.36|http://localhost/mms/kontakt.html|::1|::1|/mms/galeria.html|/mms/galeria.html|galeria.html||}
{13-10-10 23:09:23|localhost|Mozilla/5.0 (Windows NT 6.2; WOW64) AppleWebKit/537.36 (KHTML, like Gecko) Chrome/30.0.1599.69 Safari/537.36|http://localhost/mms/kontakt.html|::1|::1|/mms/galeria.html|/mms/galeria.html|galeria.html||}
{13-10-10 23:19:23|localhost|Mozilla/5.0 (Windows NT 6.2; WOW64) AppleWebKit/537.36 (KHTML, like Gecko) Chrome/30.0.1599.69 Safari/537.36|http://localhost/mms/kontakt.html|::1|::1|/mms/galeria.html|/mms/galeria.html|galeria.html||}
{13-10-10 23:20:21|localhost|Mozilla/5.0 (Windows NT 6.2; WOW64) AppleWebKit/537.36 (KHTML, like Gecko) Chrome/30.0.1599.69 Safari/537.36|http://localhost/mms/kontakt.html|::1|::1|/mms/galeria.html|/mms/galeria.html|galeria.html||}
{13-10-10 23:21:01|localhost|Mozilla/5.0 (Windows NT 6.2; WOW64) AppleWebKit/537.36 (KHTML, like Gecko) Chrome/30.0.1599.69 Safari/537.36|http://localhost/mms/kontakt.html|::1|::1|/mms/galeria.html|/mms/galeria.html|galeria.html||}
{13-10-10 23:21:35|localhost|Mozilla/5.0 (Windows NT 6.2; WOW64) AppleWebKit/537.36 (KHTML, like Gecko) Chrome/30.0.1599.69 Safari/537.36|http://localhost/mms/kontakt.html|::1|::1|/mms/galeria.html|/mms/galeria.html|galeria.html||}
{13-10-10 23:21:53|localhost|Mozilla/5.0 (Windows NT 6.2; WOW64) AppleWebKit/537.36 (KHTML, like Gecko) Chrome/30.0.1599.69 Safari/537.36|http://localhost/mms/kontakt.html|::1|::1|/mms/galeria.html|/mms/galeria.html|galeria.html||}
{13-10-10 23:22:38|localhost|Mozilla/5.0 (Windows NT 6.2; WOW64) AppleWebKit/537.36 (KHTML, like Gecko) Chrome/30.0.1599.69 Safari/537.36|http://localhost/mms/kontakt.html|::1|::1|/mms/galeria.html|/mms/galeria.html|galeria.html||}
{13-10-10 23:22:54|localhost|Mozilla/5.0 (Windows NT 6.2; WOW64) AppleWebKit/537.36 (KHTML, like Gecko) Chrome/30.0.1599.69 Safari/537.36|http://localhost/mms/kontakt.html|::1|::1|/mms/galeria.html|/mms/galeria.html|galeria.html||}
{13-10-10 23:23:24|localhost|Mozilla/5.0 (Windows NT 6.2; WOW64) AppleWebKit/537.36 (KHTML, like Gecko) Chrome/30.0.1599.69 Safari/537.36|http://localhost/mms/kontakt.html|::1|::1|/mms/galeria.html|/mms/galeria.html|galeria.html||}
{13-10-10 23:24:28|localhost|Mozilla/5.0 (Windows NT 6.2; WOW64) AppleWebKit/537.36 (KHTML, like Gecko) Chrome/30.0.1599.69 Safari/537.36|http://localhost/mms/kontakt.html|::1|::1|/mms/galeria.html|/mms/galeria.html|galeria.html||}
{13-10-10 23:24:41|localhost|Mozilla/5.0 (Windows NT 6.2; WOW64) AppleWebKit/537.36 (KHTML, like Gecko) Chrome/30.0.1599.69 Safari/537.36|http://localhost/mms/kontakt.html|::1|::1|/mms/galeria.html|/mms/galeria.html|galeria.html||}
{13-10-10 23:29:28|localhost|Mozilla/5.0 (Windows NT 6.2; WOW64) AppleWebKit/537.36 (KHTML, like Gecko) Chrome/30.0.1599.69 Safari/537.36|http://localhost/mms/galeria.html|::1|::1|/mms/printscreens.html|/mms/printscreens.html|printscreens.html||}
{13-10-10 23:36:36|localhost|Mozilla/5.0 (Windows NT 6.2; WOW64) AppleWebKit/537.36 (KHTML, like Gecko) Chrome/30.0.1599.69 Safari/537.36|http://localhost/mms/galeria.html|::1|::1|/mms/printscreens.html|/mms/printscreens.html|printscreens.html||}
{13-10-10 23:37:02|localhost|Mozilla/5.0 (Windows NT 6.2; WOW64) AppleWebKit/537.36 (KHTML, like Gecko) Chrome/30.0.1599.69 Safari/537.36|http://localhost/mms/galeria.html|::1|::1|/mms/printscreens.html|/mms/printscreens.html|printscreens.html||}
{13-10-10 23:39:11|localhost|Mozilla/5.0 (Windows NT 6.2; WOW64) AppleWebKit/537.36 (KHTML, like Gecko) Chrome/30.0.1599.69 Safari/537.36|http://localhost/mms/galeria.html|::1|::1|/mms/printscreens.html|/mms/printscreens.html|printscreens.html||}
{13-10-10 23:39:28|localhost|Mozilla/5.0 (Windows NT 6.2; WOW64) AppleWebKit/537.36 (KHTML, like Gecko) Chrome/30.0.1599.69 Safari/537.36|http://localhost/mms/galeria.html|::1|::1|/mms/printscreens.html|/mms/printscreens.html|printscreens.html||}
{13-10-10 23:39:52|localhost|Mozilla/5.0 (Windows NT 6.2; WOW64) AppleWebKit/537.36 (KHTML, like Gecko) Chrome/30.0.1599.69 Safari/537.36|http://localhost/mms/galeria.html|::1|::1|/mms/printscreens.html|/mms/printscreens.html|printscreens.html||}
{13-10-10 23:40:20|localhost|Mozilla/5.0 (Windows NT 6.2; WOW64) AppleWebKit/537.36 (KHTML, like Gecko) Chrome/30.0.1599.69 Safari/537.36|http://localhost/mms/galeria.html|::1|::1|/mms/printscreens.html|/mms/printscreens.html|printscreens.html||}
{13-10-10 23:41:34|localhost|Mozilla/5.0 (Windows NT 6.2; WOW64) AppleWebKit/537.36 (KHTML, like Gecko) Chrome/30.0.1599.69 Safari/537.36|http://localhost/mms/galeria.html|::1|::1|/mms/printscreens.html|/mms/printscreens.html|printscreens.html||}
{13-10-10 23:42:53|localhost|Mozilla/5.0 (Windows NT 6.2; WOW64) AppleWebKit/537.36 (KHTML, like Gecko) Chrome/30.0.1599.69 Safari/537.36|http://localhost/mms/printscreens.html|::1|::1|/mms/cechy_systemu.html|/mms/cechy_systemu.html|cechy_systemu.html||}
{13-10-10 23:45:09|localhost|Mozilla/5.0 (Windows NT 6.2; WOW64) AppleWebKit/537.36 (KHTML, like Gecko) Chrome/30.0.1599.69 Safari/537.36|http://localhost/mms/printscreens.html|::1|::1|/mms/cechy_systemu.html|/mms/cechy_systemu.html|cechy_systemu.html||}
{13-10-10 23:56:47|localhost|Mozilla/5.0 (Windows NT 6.2; WOW64) AppleWebKit/537.36 (KHTML, like Gecko) Chrome/30.0.1599.69 Safari/537.36|http://localhost/mms/printscreens.html|::1|::1|/mms/cechy_systemu.html|/mms/cechy_systemu.html|cechy_systemu.html||}
{13-10-10 23:59:14|localhost|Mozilla/5.0 (Windows NT 6.2; WOW64) AppleWebKit/537.36 (KHTML, like Gecko) Chrome/30.0.1599.69 Safari/537.36|http://localhost/mms/printscreens.html|::1|::1|/mms/cechy_systemu.html|/mms/cechy_systemu.html|cechy_systemu.html||}
{13-10-11 00:00:26|localhost|Mozilla/5.0 (Windows NT 6.2; WOW64) AppleWebKit/537.36 (KHTML, like Gecko) Chrome/30.0.1599.69 Safari/537.36|http://localhost/mms/printscreens.html|::1|::1|/mms/cechy_systemu.html|/mms/cechy_systemu.html|cechy_systemu.html||}
{13-10-11 00:01:25|localhost|Mozilla/5.0 (Windows NT 6.2; WOW64) AppleWebKit/537.36 (KHTML, like Gecko) Chrome/30.0.1599.69 Safari/537.36|http://localhost/mms/printscreens.html|::1|::1|/mms/cechy_systemu.html|/mms/cechy_systemu.html|cechy_systemu.html||}
{13-10-11 00:09:27|localhost|Mozilla/5.0 (Windows NT 6.2; WOW64) AppleWebKit/537.36 (KHTML, like Gecko) Chrome/30.0.1599.69 Safari/537.36|http://localhost/mms/cechy_systemu.html|::1|::1|/mms/cechy_systemu.html|/mms/cechy_systemu.html|cechy_systemu.html||}
{13-10-11 00:09:30|localhost|Mozilla/5.0 (Windows NT 6.2; WOW64) AppleWebKit/537.36 (KHTML, like Gecko) Chrome/30.0.1599.69 Safari/537.36|http://localhost/mms/cechy_systemu.html|::1|::1|/mms/galeria.html|/mms/galeria.html|galeria.html||}
{13-10-11 00:09:47|localhost|Mozilla/5.0 (Windows NT 6.2; WOW64) AppleWebKit/537.36 (KHTML, like Gecko) Chrome/30.0.1599.69 Safari/537.36|http://localhost/mms/cechy_systemu.html|::1|::1|/mms/galeria.html|/mms/galeria.html|galeria.html||}
{13-10-11 00:10:49|localhost|Mozilla/5.0 (Windows NT 6.2; WOW64) AppleWebKit/537.36 (KHTML, like Gecko) Chrome/30.0.1599.69 Safari/537.36|http://localhost/mms/galeria.html|::1|::1|/mms/galeria.html|/mms/galeria.html|galeria.html||}
{13-10-11 00:12:55|localhost|Mozilla/5.0 (Windows NT 6.2; WOW64) AppleWebKit/537.36 (KHTML, like Gecko) Chrome/30.0.1599.69 Safari/537.36|http://localhost/mms/galeria.html|::1|::1|/mms/galeria.html|/mms/galeria.html|galeria.html||}
{13-10-11 00:14:02|localhost|Mozilla/5.0 (Windows NT 6.2; WOW64) AppleWebKit/537.36 (KHTML, like Gecko) Chrome/30.0.1599.69 Safari/537.36|http://localhost/mms/galeria.html|::1|::1|/mms/galeria.html|/mms/galeria.html|galeria.html||}
{13-10-11 00:14:53|localhost|Mozilla/5.0 (Windows NT 6.2; WOW64) AppleWebKit/537.36 (KHTML, like Gecko) Chrome/30.0.1599.69 Safari/537.36|http://localhost/mms/galeria.html|::1|::1|/mms/galeria.html|/mms/galeria.html|galeria.html||}
{13-10-11 00:15:18|localhost|Mozilla/5.0 (Windows NT 6.2; WOW64) AppleWebKit/537.36 (KHTML, like Gecko) Chrome/30.0.1599.69 Safari/537.36|http://localhost/mms/galeria.html|::1|::1|/mms/galeria.html|/mms/galeria.html|galeria.html||}
{13-10-11 00:17:12|localhost|Mozilla/5.0 (Windows NT 6.2; WOW64) AppleWebKit/537.36 (KHTML, like Gecko) Chrome/30.0.1599.69 Safari/537.36|http://localhost/mms/galeria.html|::1|::1|/mms/galeria.html|/mms/galeria.html|galeria.html||}
{13-10-11 00:17:56|localhost|Mozilla/5.0 (Windows NT 6.2; WOW64) AppleWebKit/537.36 (KHTML, like Gecko) Chrome/30.0.1599.69 Safari/537.36|http://localhost/mms/galeria.html|::1|::1|/mms/galeria.html|/mms/galeria.html|galeria.html||}
{13-10-11 00:18:46|localhost|Mozilla/5.0 (Windows NT 6.2; WOW64) AppleWebKit/537.36 (KHTML, like Gecko) Chrome/30.0.1599.69 Safari/537.36|http://localhost/mms/galeria.html|::1|::1|/mms/galeria.html|/mms/galeria.html|galeria.html||}
{13-10-11 00:19:14|localhost|Mozilla/5.0 (Windows NT 6.2; WOW64) AppleWebKit/537.36 (KHTML, like Gecko) Chrome/30.0.1599.69 Safari/537.36|http://localhost/mms/galeria.html|::1|::1|/mms/galeria.html|/mms/galeria.html|galeria.html||}
{13-10-11 00:24:33|localhost|Mozilla/5.0 (Windows NT 6.2; WOW64) AppleWebKit/537.36 (KHTML, like Gecko) Chrome/30.0.1599.69 Safari/537.36|http://localhost/mms/galeria.html|::1|::1|/mms/galeria.html|/mms/galeria.html|galeria.html||}
{13-10-11 00:27:32|localhost|Mozilla/5.0 (Windows NT 6.2; WOW64) AppleWebKit/537.36 (KHTML, like Gecko) Chrome/30.0.1599.69 Safari/537.36|http://localhost/mms/galeria.html|::1|::1|/mms/kontakt.html|/mms/kontakt.html|kontakt.html||}
{13-10-11 00:27:37|localhost|Mozilla/5.0 (Windows NT 6.2; WOW64) AppleWebKit/537.36 (KHTML, like Gecko) Chrome/30.0.1599.69 Safari/537.36|http://localhost/mms/kontakt.html|::1|::1|/mms/kontakt.html|/mms/kontakt.html?adm|kontakt.html?adm||}
{13-10-11 00:27:51|localhost|Mozilla/5.0 (Windows NT 6.2; WOW64) AppleWebKit/537.36 (KHTML, like Gecko) Chrome/30.0.1599.69 Safari/537.36|http://localhost/mms/kontakt.html?adm|::1|::1|/mms/kontakt.html|/mms/kontakt.html?adm|kontakt.html?adm||}
{13-10-11 00:30:14|localhost|Mozilla/5.0 (Windows NT 6.2; WOW64) AppleWebKit/537.36 (KHTML, like Gecko) Chrome/30.0.1599.69 Safari/537.36|http://localhost/mms/kontakt.html?adm|::1|::1|/mms/kontakt.html|/mms/kontakt.html?adm|kontakt.html?adm||}
{13-10-11 00:30:18|localhost|Mozilla/5.0 (Windows NT 6.2; WOW64) AppleWebKit/537.36 (KHTML, like Gecko) Chrome/30.0.1599.69 Safari/537.36|http://localhost/mms/kontakt.html?adm|::1|::1|/mms/galeria.html|/mms/galeria.html|galeria.html||}
{13-10-11 00:30:25|localhost|Mozilla/5.0 (Windows NT 6.2; WOW64) AppleWebKit/537.36 (KHTML, like Gecko) Chrome/30.0.1599.69 Safari/537.36|http://localhost/mms/galeria.html|::1|::1|/mms/galeria.html|/mms/galeria.html?adm|galeria.html?adm||}
{13-10-11 00:30:51|localhost|Mozilla/5.0 (Windows NT 6.2; WOW64) AppleWebKit/537.36 (KHTML, like Gecko) Chrome/30.0.1599.69 Safari/537.36|http://localhost/mms/galeria.html?adm|::1|::1|/mms/kontakt.html|/mms/kontakt.html|kontakt.html||}
{13-10-11 00:30:54|localhost|Mozilla/5.0 (Windows NT 6.2; WOW64) AppleWebKit/537.36 (KHTML, like Gecko) Chrome/30.0.1599.69 Safari/537.36|http://localhost/mms/kontakt.html|::1|::1|/mms/kontakt.html|/mms/kontakt.html?adm|kontakt.html?adm||}
{13-10-11 00:31:37|localhost|Mozilla/5.0 (Windows NT 6.2; WOW64) AppleWebKit/537.36 (KHTML, like Gecko) Chrome/30.0.1599.69 Safari/537.36|http://localhost/mms/kontakt.html?adm|::1|::1|/mms/galeria.html|/mms/galeria.html|galeria.html||}
{13-10-11 00:31:46|localhost|Mozilla/5.0 (Windows NT 6.2; WOW64) AppleWebKit/537.36 (KHTML, like Gecko) Chrome/30.0.1599.69 Safari/537.36|http://localhost/mms/galeria.html|::1|::1|/mms/galeria.html|/mms/galeria.html?adm|galeria.html?adm||}
{13-10-11 00:33:19|localhost|Mozilla/5.0 (Windows NT 6.2; WOW64) AppleWebKit/537.36 (KHTML, like Gecko) Chrome/30.0.1599.69 Safari/537.36|http://localhost/mms/galeria.html?adm|::1|::1|/mms/kontakt.html|/mms/kontakt.html|kontakt.html||}
{13-10-11 00:33:19|localhost|Mozilla/5.0 (Windows NT 6.2; WOW64) AppleWebKit/537.36 (KHTML, like Gecko) Chrome/30.0.1599.69 Safari/537.36|http://localhost/mms/kontakt.html|::1|::1|/mms/galeria.html|/mms/galeria.html|galeria.html||}
{13-10-11 00:34:14|localhost|Mozilla/5.0 (Windows NT 6.2; WOW64) AppleWebKit/537.36 (KHTML, like Gecko) Chrome/30.0.1599.69 Safari/537.36|http://localhost/mms/kontakt.html|::1|::1|/mms/galeria.html|/mms/galeria.html|galeria.html||}
{13-10-11 00:34:59|localhost|Mozilla/5.0 (Windows NT 6.2; WOW64) AppleWebKit/537.36 (KHTML, like Gecko) Chrome/30.0.1599.69 Safari/537.36|http://localhost/mms/kontakt.html|::1|::1|/mms/galeria.html|/mms/galeria.html|galeria.html||}
{13-10-11 00:36:28|localhost|Mozilla/5.0 (Windows NT 6.2; WOW64) AppleWebKit/537.36 (KHTML, like Gecko) Chrome/30.0.1599.69 Safari/537.36|http://localhost/mms/kontakt.html|::1|::1|/mms/galeria.html|/mms/galeria.html|galeria.html||}
{13-10-11 00:51:34|localhost|Mozilla/5.0 (Windows NT 6.2; WOW64) AppleWebKit/537.36 (KHTML, like Gecko) Chrome/30.0.1599.69 Safari/537.36|http://localhost/mms/kontakt.html|::1|::1|/mms/galeria.html|/mms/galeria.html|galeria.html||}
{13-10-11 00:51:59|localhost|Mozilla/5.0 (Windows NT 6.2; WOW64) AppleWebKit/537.36 (KHTML, like Gecko) Chrome/30.0.1599.69 Safari/537.36|http://localhost/mms/kontakt.html|::1|::1|/mms/galeria.html|/mms/galeria.html|galeria.html||}
{13-10-11 00:52:47|localhost|Mozilla/5.0 (Windows NT 6.2; WOW64) AppleWebKit/537.36 (KHTML, like Gecko) Chrome/30.0.1599.69 Safari/537.36|http://localhost/mms/galeria.html|::1|::1|/mms/galeria.html|/mms/galeria.html?prev|galeria.html?prev||}
{13-10-11 01:00:56|localhost|Mozilla/5.0 (Windows NT 6.2; WOW64) AppleWebKit/537.36 (KHTML, like Gecko) Chrome/30.0.1599.69 Safari/537.36|http://localhost/mms/galeria.html|::1|::1|/mms/galeria.html|/mms/galeria.html?prev|galeria.html?prev||}
{13-10-11 01:03:13|localhost|Mozilla/5.0 (Windows NT 6.2; WOW64) AppleWebKit/537.36 (KHTML, like Gecko) Chrome/30.0.1599.69 Safari/537.36|http://localhost/mms/galeria.html|::1|::1|/mms/galeria.html|/mms/galeria.html?prev|galeria.html?prev||}
{13-10-11 01:03:47|localhost|Mozilla/5.0 (Windows NT 6.2; WOW64) AppleWebKit/537.36 (KHTML, like Gecko) Chrome/30.0.1599.69 Safari/537.36|http://localhost/mms/galeria.html|::1|::1|/mms/galeria.html|/mms/galeria.html?prev|galeria.html?prev||}
{13-10-11 01:06:28|localhost|Mozilla/5.0 (Windows NT 6.2; WOW64) AppleWebKit/537.36 (KHTML, like Gecko) Chrome/30.0.1599.69 Safari/537.36|http://localhost/mms/galeria.html|::1|::1|/mms/galeria.html|/mms/galeria.html?prev|galeria.html?prev||}
{13-10-11 01:10:00|localhost|Mozilla/5.0 (Windows NT 6.2; WOW64) AppleWebKit/537.36 (KHTML, like Gecko) Chrome/30.0.1599.69 Safari/537.36|http://localhost/mms/galeria.html|::1|::1|/mms/galeria.html|/mms/galeria.html?prev|galeria.html?prev||}
{13-10-11 01:12:40|localhost|Mozilla/5.0 (Windows NT 6.2; WOW64) AppleWebKit/537.36 (KHTML, like Gecko) Chrome/30.0.1599.69 Safari/537.36|http://localhost/mms/galeria.html|::1|::1|/mms/galeria.html|/mms/galeria.html?prev|galeria.html?prev||}
{13-10-11 01:12:42|localhost|Mozilla/5.0 (Windows NT 6.2; WOW64) AppleWebKit/537.36 (KHTML, like Gecko) Chrome/30.0.1599.69 Safari/537.36|http://localhost/mms/galeria.html|::1|::1|/mms/galeria.html|/mms/galeria.html?prev|galeria.html?prev||}
{13-10-11 01:15:40|localhost|Mozilla/5.0 (Windows NT 6.2; WOW64) AppleWebKit/537.36 (KHTML, like Gecko) Chrome/30.0.1599.69 Safari/537.36|http://localhost/mms/galeria.html|::1|::1|/mms/galeria.html|/mms/galeria.html?prev|galeria.html?prev||}
{13-10-11 01:15:42|localhost|Mozilla/5.0 (Windows NT 6.2; WOW64) AppleWebKit/537.36 (KHTML, like Gecko) Chrome/30.0.1599.69 Safari/537.36|http://localhost/mms/galeria.html|::1|::1|/mms/galeria.html|/mms/galeria.html?prev|galeria.html?prev||}
{13-10-11 01:15:42|localhost|Mozilla/5.0 (Windows NT 6.2; WOW64) AppleWebKit/537.36 (KHTML, like Gecko) Chrome/30.0.1599.69 Safari/537.36|http://localhost/mms/galeria.html|::1|::1|/mms/galeria.html|/mms/galeria.html?prev|galeria.html?prev||}
{13-10-11 01:15:43|localhost|Mozilla/5.0 (Windows NT 6.2; WOW64) AppleWebKit/537.36 (KHTML, like Gecko) Chrome/30.0.1599.69 Safari/537.36|http://localhost/mms/galeria.html|::1|::1|/mms/galeria.html|/mms/galeria.html?prev|galeria.html?prev||}
{13-10-11 01:15:43|localhost|Mozilla/5.0 (Windows NT 6.2; WOW64) AppleWebKit/537.36 (KHTML, like Gecko) Chrome/30.0.1599.69 Safari/537.36|http://localhost/mms/galeria.html|::1|::1|/mms/galeria.html|/mms/galeria.html?prev|galeria.html?prev||}
{13-10-11 01:15:43|localhost|Mozilla/5.0 (Windows NT 6.2; WOW64) AppleWebKit/537.36 (KHTML, like Gecko) Chrome/30.0.1599.69 Safari/537.36|http://localhost/mms/galeria.html|::1|::1|/mms/galeria.html|/mms/galeria.html?prev|galeria.html?prev||}
{13-10-11 01:15:43|localhost|Mozilla/5.0 (Windows NT 6.2; WOW64) AppleWebKit/537.36 (KHTML, like Gecko) Chrome/30.0.1599.69 Safari/537.36|http://localhost/mms/galeria.html|::1|::1|/mms/galeria.html|/mms/galeria.html?prev|galeria.html?prev||}
{13-10-11 01:15:43|localhost|Mozilla/5.0 (Windows NT 6.2; WOW64) AppleWebKit/537.36 (KHTML, like Gecko) Chrome/30.0.1599.69 Safari/537.36|http://localhost/mms/galeria.html|::1|::1|/mms/galeria.html|/mms/galeria.html?prev|galeria.html?prev||}
{13-10-11 01:17:05|localhost|Mozilla/5.0 (Windows NT 6.2; WOW64) AppleWebKit/537.36 (KHTML, like Gecko) Chrome/30.0.1599.69 Safari/537.36|http://localhost/mms/galeria.html|::1|::1|/mms/galeria.html|/mms/galeria.html?prev|galeria.html?prev||}
{13-10-11 01:18:00|localhost|Mozilla/5.0 (Windows NT 6.2; WOW64) AppleWebKit/537.36 (KHTML, like Gecko) Chrome/30.0.1599.69 Safari/537.36|http://localhost/mms/galeria.html|::1|::1|/mms/galeria.html|/mms/galeria.html?prev|galeria.html?prev||}
{13-10-11 01:18:27|localhost|Mozilla/5.0 (Windows NT 6.2; WOW64) AppleWebKit/537.36 (KHTML, like Gecko) Chrome/30.0.1599.69 Safari/537.36|http://localhost/mms/galeria.html|::1|::1|/mms/galeria.html|/mms/galeria.html?prev|galeria.html?prev||}
{13-10-11 01:23:00|localhost|Mozilla/5.0 (Windows NT 6.2; WOW64) AppleWebKit/537.36 (KHTML, like Gecko) Chrome/30.0.1599.69 Safari/537.36|http://localhost/mms/galeria.html|::1|::1|/mms/galeria.html|/mms/galeria.html?prev|galeria.html?prev||}
{13-10-11 01:23:14|localhost|Mozilla/5.0 (Windows NT 6.2; WOW64) AppleWebKit/537.36 (KHTML, like Gecko) Chrome/30.0.1599.69 Safari/537.36|http://localhost/mms/galeria.html|::1|::1|/mms/galeria.html|/mms/galeria.html?prev|galeria.html?prev||}
{13-10-11 01:23:34|localhost|Mozilla/5.0 (Windows NT 6.2; WOW64) AppleWebKit/537.36 (KHTML, like Gecko) Chrome/30.0.1599.69 Safari/537.36|http://localhost/mms/galeria.html|::1|::1|/mms/galeria.html|/mms/galeria.html?prev|galeria.html?prev||}
{13-10-11 01:23:53|localhost|Mozilla/5.0 (Windows NT 6.2; WOW64) AppleWebKit/537.36 (KHTML, like Gecko) Chrome/30.0.1599.69 Safari/537.36|http://localhost/mms/galeria.html|::1|::1|/mms/galeria.html|/mms/galeria.html?prev|galeria.html?prev||}
{13-10-11 01:24:00|localhost|Mozilla/5.0 (Windows NT 6.2; WOW64) AppleWebKit/537.36 (KHTML, like Gecko) Chrome/30.0.1599.69 Safari/537.36|http://localhost/mms/galeria.html|::1|::1|/mms/galeria.html|/mms/galeria.html?prev|galeria.html?prev||}
{13-10-11 01:24:18|localhost|Mozilla/5.0 (Windows NT 6.2; WOW64) AppleWebKit/537.36 (KHTML, like Gecko) Chrome/30.0.1599.69 Safari/537.36|http://localhost/mms/galeria.html|::1|::1|/mms/galeria.html|/mms/galeria.html?prev|galeria.html?prev||}
{13-10-11 01:24:30|localhost|Mozilla/5.0 (Windows NT 6.2; WOW64) AppleWebKit/537.36 (KHTML, like Gecko) Chrome/30.0.1599.69 Safari/537.36|http://localhost/mms/galeria.html|::1|::1|/mms/galeria.html|/mms/galeria.html?prev|galeria.html?prev||}
{13-10-11 01:25:15|localhost|Mozilla/5.0 (Windows NT 6.2; WOW64) AppleWebKit/537.36 (KHTML, like Gecko) Chrome/30.0.1599.69 Safari/537.36|http://localhost/mms/galeria.html|::1|::1|/mms/galeria.html|/mms/galeria.html?prev|galeria.html?prev||}
{13-10-11 01:25:46|localhost|Mozilla/5.0 (Windows NT 6.2; WOW64) AppleWebKit/537.36 (KHTML, like Gecko) Chrome/30.0.1599.69 Safari/537.36|http://localhost/mms/galeria.html|::1|::1|/mms/galeria.html|/mms/galeria.html?prev|galeria.html?prev||}
{13-10-11 01:26:04|localhost|Mozilla/5.0 (Windows NT 6.2; WOW64) AppleWebKit/537.36 (KHTML, like Gecko) Chrome/30.0.1599.69 Safari/537.36|http://localhost/mms/galeria.html|::1|::1|/mms/galeria.html|/mms/galeria.html?prev|galeria.html?prev||}
{13-10-11 01:26:47|localhost|Mozilla/5.0 (Windows NT 6.2; WOW64) AppleWebKit/537.36 (KHTML, like Gecko) Chrome/30.0.1599.69 Safari/537.36|http://localhost/mms/galeria.html|::1|::1|/mms/galeria.html|/mms/galeria.html?prev|galeria.html?prev||}
{13-10-11 01:27:04|localhost|Mozilla/5.0 (Windows NT 6.2; WOW64) AppleWebKit/537.36 (KHTML, like Gecko) Chrome/30.0.1599.69 Safari/537.36|http://localhost/mms/galeria.html|::1|::1|/mms/galeria.html|/mms/galeria.html?prev|galeria.html?prev||}
{13-10-11 01:27:09|localhost|Mozilla/5.0 (Windows NT 6.2; WOW64) AppleWebKit/537.36 (KHTML, like Gecko) Chrome/30.0.1599.69 Safari/537.36|http://localhost/mms/galeria.html|::1|::1|/mms/galeria.html|/mms/galeria.html?prev|galeria.html?prev||}
{13-10-11 01:28:11|localhost|Mozilla/5.0 (Windows NT 6.2; WOW64) AppleWebKit/537.36 (KHTML, like Gecko) Chrome/30.0.1599.69 Safari/537.36|http://localhost/mms/galeria.html|::1|::1|/mms/galeria.html|/mms/galeria.html?prev|galeria.html?prev||}
{13-10-11 01:28:16|localhost|Mozilla/5.0 (Windows NT 6.2; WOW64) AppleWebKit/537.36 (KHTML, like Gecko) Chrome/30.0.1599.69 Safari/537.36|http://localhost/mms/galeria.html|::1|::1|/mms/galeria.html|/mms/galeria.html?prev|galeria.html?prev||}
{13-10-11 01:28:18|localhost|Mozilla/5.0 (Windows NT 6.2; WOW64) AppleWebKit/537.36 (KHTML, like Gecko) Chrome/30.0.1599.69 Safari/537.36|http://localhost/mms/galeria.html|::1|::1|/mms/galeria.html|/mms/galeria.html?prev|galeria.html?prev||}
{13-10-11 01:28:23|localhost|Mozilla/5.0 (Windows NT 6.2; WOW64) AppleWebKit/537.36 (KHTML, like Gecko) Chrome/30.0.1599.69 Safari/537.36|http://localhost/mms/galeria.html|::1|::1|/mms/galeria.html|/mms/galeria.html?prev|galeria.html?prev||}
{13-10-11 01:29:17|localhost|Mozilla/5.0 (Windows NT 6.2; WOW64) AppleWebKit/537.36 (KHTML, like Gecko) Chrome/30.0.1599.69 Safari/537.36|http://localhost/mms/galeria.html|::1|::1|/mms/galeria.html|/mms/galeria.html|galeria.html||}
{13-10-11 01:29:18|localhost|Mozilla/5.0 (Windows NT 6.2; WOW64) AppleWebKit/537.36 (KHTML, like Gecko) Chrome/30.0.1599.69 Safari/537.36|http://localhost/mms/galeria.html|::1|::1|/mms/kontakt.html|/mms/kontakt.html|kontakt.html||}
{13-10-11 01:29:19|localhost|Mozilla/5.0 (Windows NT 6.2; WOW64) AppleWebKit/537.36 (KHTML, like Gecko) Chrome/30.0.1599.69 Safari/537.36|http://localhost/mms/kontakt.html|::1|::1|/mms/galeria.html|/mms/galeria.html|galeria.html||}
{13-10-11 01:29:43|localhost|Mozilla/5.0 (Windows NT 6.2; WOW64) AppleWebKit/537.36 (KHTML, like Gecko) Chrome/30.0.1599.69 Safari/537.36|http://localhost/mms/galeria.html|::1|::1|/mms/galeria.html|/mms/galeria.html?prev|galeria.html?prev||}
{13-10-11 01:30:55|localhost|Mozilla/5.0 (Windows NT 6.2; WOW64) AppleWebKit/537.36 (KHTML, like Gecko) Chrome/30.0.1599.69 Safari/537.36|http://localhost/mms/kontakt.html|::1|::1|/mms/galeria.html|/mms/galeria.html|galeria.html||}
{13-10-11 01:31:04|localhost|Mozilla/5.0 (Windows NT 6.2; WOW64) AppleWebKit/537.36 (KHTML, like Gecko) Chrome/30.0.1599.69 Safari/537.36|http://localhost/mms/galeria.html|::1|::1|/mms/galeria.html|/mms/galeria.html|galeria.html||}
{13-10-11 01:31:08|localhost|Mozilla/5.0 (Windows NT 6.2; WOW64) AppleWebKit/537.36 (KHTML, like Gecko) Chrome/30.0.1599.69 Safari/537.36|http://localhost/mms/galeria.html|::1|::1|/mms/galeria.html|/mms/galeria.html?adm|galeria.html?adm||}
{13-10-11 01:31:28|localhost|Mozilla/5.0 (Windows NT 6.2; WOW64) AppleWebKit/537.36 (KHTML, like Gecko) Chrome/30.0.1599.69 Safari/537.36|http://localhost/mms/galeria.html|::1|::1|/mms/galeria.html|/mms/galeria.html?prev|galeria.html?prev||}
{13-10-11 01:31:28|localhost|Mozilla/5.0 (Windows NT 6.2; WOW64) AppleWebKit/537.36 (KHTML, like Gecko) Chrome/30.0.1599.69 Safari/537.36|http://localhost/mms/galeria.html|::1|::1|/mms/galeria.html|/mms/galeria.html?prev|galeria.html?prev||}
{13-10-11 01:31:30|localhost|Mozilla/5.0 (Windows NT 6.2; WOW64) AppleWebKit/537.36 (KHTML, like Gecko) Chrome/30.0.1599.69 Safari/537.36|http://localhost/mms/galeria.html|::1|::1|/mms/galeria.html|/mms/galeria.html?prev|galeria.html?prev||}
{13-10-11 01:32:19|localhost|Mozilla/5.0 (Windows NT 6.2; WOW64) AppleWebKit/537.36 (KHTML, like Gecko) Chrome/30.0.1599.69 Safari/537.36|http://localhost/mms/galeria.html|::1|::1|/mms/galeria.html|/mms/galeria.html?prev|galeria.html?prev||}
{13-10-11 01:32:24|localhost|Mozilla/5.0 (Windows NT 6.2; WOW64) AppleWebKit/537.36 (KHTML, like Gecko) Chrome/30.0.1599.69 Safari/537.36|http://localhost/mms/galeria.html|::1|::1|/mms/galeria.html|/mms/galeria.html?adm|galeria.html?adm||}
{13-10-11 01:32:29|localhost|Mozilla/5.0 (Windows NT 6.2; WOW64) AppleWebKit/537.36 (KHTML, like Gecko) Chrome/30.0.1599.69 Safari/537.36|http://localhost/mms/galeria.html|::1|::1|/mms/galeria.html|/mms/galeria.html?prev|galeria.html?prev||}
{13-10-11 01:32:42|localhost|Mozilla/5.0 (Windows NT 6.2; WOW64) AppleWebKit/537.36 (KHTML, like Gecko) Chrome/30.0.1599.69 Safari/537.36|http://localhost/mms/galeria.html|::1|::1|/mms/galeria.html|/mms/galeria.html?prev|galeria.html?prev||}
{13-10-11 01:32:44|localhost|Mozilla/5.0 (Windows NT 6.2; WOW64) AppleWebKit/537.36 (KHTML, like Gecko) Chrome/30.0.1599.69 Safari/537.36|http://localhost/mms/galeria.html|::1|::1|/mms/galeria.html|/mms/galeria.html?prev|galeria.html?prev||}
{13-10-11 01:32:46|localhost|Mozilla/5.0 (Windows NT 6.2; WOW64) AppleWebKit/537.36 (KHTML, like Gecko) Chrome/30.0.1599.69 Safari/537.36|http://localhost/mms/galeria.html|::1|::1|/mms/galeria.html|/mms/galeria.html?prev|galeria.html?prev||}
{13-10-11 01:32:48|localhost|Mozilla/5.0 (Windows NT 6.2; WOW64) AppleWebKit/537.36 (KHTML, like Gecko) Chrome/30.0.1599.69 Safari/537.36|http://localhost/mms/galeria.html|::1|::1|/mms/galeria.html|/mms/galeria.html?prev|galeria.html?prev||}
{13-10-11 01:32:52|localhost|Mozilla/5.0 (Windows NT 6.2; WOW64) AppleWebKit/537.36 (KHTML, like Gecko) Chrome/30.0.1599.69 Safari/537.36|http://localhost/mms/galeria.html|::1|::1|/mms/galeria.html|/mms/galeria.html?prev|galeria.html?prev||}
{13-10-11 02:01:05|localhost|Mozilla/5.0 (Windows NT 6.2; WOW64) AppleWebKit/537.36 (KHTML, like Gecko) Chrome/30.0.1599.69 Safari/537.36|http://localhost/mms/galeria.html|::1|::1|/mms/galeria.html|/mms/galeria.html?prev|galeria.html?prev||}
{13-10-11 02:01:07|localhost|Mozilla/5.0 (Windows NT 6.2; WOW64) AppleWebKit/537.36 (KHTML, like Gecko) Chrome/30.0.1599.69 Safari/537.36|http://localhost/mms/galeria.html|::1|::1|/mms/galeria.html|/mms/galeria.html?prev|galeria.html?prev||}
{13-10-11 02:01:15|localhost|Mozilla/5.0 (Windows NT 6.2; WOW64) AppleWebKit/537.36 (KHTML, like Gecko) Chrome/30.0.1599.69 Safari/537.36|http://localhost/mms/galeria.html|::1|::1|/mms/galeria.html|/mms/galeria.html?prev|galeria.html?prev||}
{13-10-11 02:02:13|localhost|Mozilla/5.0 (Windows NT 6.2; WOW64) AppleWebKit/537.36 (KHTML, like Gecko) Chrome/30.0.1599.69 Safari/537.36|http://localhost/mms/galeria.html|::1|::1|/mms/galeria.html|/mms/galeria.html?prev|galeria.html?prev||}
{13-10-11 02:02:16|localhost|Mozilla/5.0 (Windows NT 6.2; WOW64) AppleWebKit/537.36 (KHTML, like Gecko) Chrome/30.0.1599.69 Safari/537.36|http://localhost/mms/galeria.html|::1|::1|/mms/galeria.html|/mms/galeria.html?prev|galeria.html?prev||}
{13-10-11 02:02:18|localhost|Mozilla/5.0 (Windows NT 6.2; WOW64) AppleWebKit/537.36 (KHTML, like Gecko) Chrome/30.0.1599.69 Safari/537.36|http://localhost/mms/galeria.html?prev|::1|::1|/mms/res/fancybox2/lib/jquery-1.10.1.min.map|/mms/res/fancybox2/lib/jquery-1.10.1.min.map|jquery-1.10.1.min.map||}
{13-10-11 02:02:25|localhost|Mozilla/5.0 (Windows NT 6.2; WOW64) AppleWebKit/537.36 (KHTML, like Gecko) Chrome/30.0.1599.69 Safari/537.36|http://localhost/mms/galeria.html|::1|::1|/mms/galeria.html|/mms/galeria.html?prev|galeria.html?prev||}
{13-10-11 02:02:52|localhost|Mozilla/5.0 (Windows NT 6.2; WOW64) AppleWebKit/537.36 (KHTML, like Gecko) Chrome/30.0.1599.69 Safari/537.36|http://localhost/mms/galeria.html|::1|::1|/mms/galeria.html|/mms/galeria.html?prev|galeria.html?prev||}
{13-10-11 02:02:52|localhost|Mozilla/5.0 (Windows NT 6.2; WOW64) AppleWebKit/537.36 (KHTML, like Gecko) Chrome/30.0.1599.69 Safari/537.36|http://localhost/mms/galeria.html?prev|::1|::1|/mms/res/fancybox2/lib/jquery-1.10.1.min.map|/mms/res/fancybox2/lib/jquery-1.10.1.min.map|jquery-1.10.1.min.map||}
{13-10-11 02:03:09|localhost|Mozilla/5.0 (Windows NT 6.2; WOW64) AppleWebKit/537.36 (KHTML, like Gecko) Chrome/30.0.1599.69 Safari/537.36|http://localhost/mms/galeria.html|::1|::1|/mms/galeria.html|/mms/galeria.html?prev|galeria.html?prev||}
{13-10-11 02:03:10|localhost|Mozilla/5.0 (Windows NT 6.2; WOW64) AppleWebKit/537.36 (KHTML, like Gecko) Chrome/30.0.1599.69 Safari/537.36|http://localhost/mms/galeria.html?prev|::1|::1|/mms/res/fancybox2/lib/jquery-1.10.1.min.map|/mms/res/fancybox2/lib/jquery-1.10.1.min.map|jquery-1.10.1.min.map||}
